Determining if the pthread_create exist failed with the following output:
Change Dir: /media/lwb829/本地磁盘/无人车项目/github仓库/e_car_driver/build/CMakeFiles/CMakeTmp

Run Build Command:"/usr/bin/ninja" "cmTC_fa3f9"
[1/2] Building C object CMakeFiles/cmTC_fa3f9.dir/CheckSymbolExists.c.o
[2/2] Linking C executable cmTC_fa3f9
FAILED: cmTC_fa3f9 
: && /usr/bin/gcc   -rdynamic CMakeFiles/cmTC_fa3f9.dir/CheckSymbolExists.c.o  -o cmTC_fa3f9   && :
CMakeFiles/cmTC_fa3f9.dir/CheckSymbolExists.c.o：在函数‘main’中：
CheckSymbolExists.c:(.text+0x1b)：对‘pthread_create’未定义的引用
collect2: error: ld returned 1 exit status
ninja: build stopped: subcommand failed.

File /media/lwb829/本地磁盘/无人车项目/github仓库/e_car_driver/build/CMakeFiles/CMakeTmp/CheckSymbolExists.c:
/* */
#include <pthread.h>

int main(int argc, char** argv)
{
  (void)argv;
#ifndef pthread_create
  return ((int*)(&pthread_create))[argc];
#else
  (void)argc;
  return 0;
#endif
}

Determining if the function pthread_create exists in the pthreads failed with the following output:
Change Dir: /media/lwb829/本地磁盘/无人车项目/github仓库/e_car_driver/build/CMakeFiles/CMakeTmp

Run Build Command:"/usr/bin/ninja" "cmTC_98582"
[1/2] Building C object CMakeFiles/cmTC_98582.dir/CheckFunctionExists.c.o
[2/2] Linking C executable cmTC_98582
FAILED: cmTC_98582 
: && /usr/bin/gcc -DCHECK_FUNCTION_EXISTS=pthread_create  -rdynamic CMakeFiles/cmTC_98582.dir/CheckFunctionExists.c.o  -o cmTC_98582  -lpthreads && :
/usr/bin/ld: 找不到 -lpthreads
collect2: error: ld returned 1 exit status
ninja: build stopped: subcommand failed.


